  App.cpp
  Bullet.cpp
  Hero.cpp
  RunAndGun.cpp
  Generowanie kodu...
App.obj : error LNK2019: nierozpoznany symbol zewnętrzny "__declspec(dllimport) public: __thiscall sf::String::String(char const *,class std::locale const &)" (__imp_??0String@sf@@QAE@PBDABVlocale@std@@@Z) przywołany w funkcji "private: void __thiscall App::initWindow(void)" (?initWindow@App@@AAEXXZ)
App.obj : error LNK2019: nierozpoznany symbol zewnętrzny "__declspec(dllimport) public: __thiscall sf::String::~String(void)" (__imp_??1String@sf@@QAE@XZ) przywołany w funkcji "private: void __thiscall App::initWindow(void)" (?initWindow@App@@AAEXXZ)
App.obj : error LNK2019: nierozpoznany symbol zewnętrzny "__declspec(dllimport) public: static class sf::Vector2<int> __cdecl sf::Mouse::getPosition(class sf::Window const &)" (__imp_?getPosition@Mouse@sf@@SA?AV?$Vector2@H@2@ABVWindow@2@@Z) przywołany w funkcji "public: void __thiscall App::updateMousePosition(void)" (?updateMousePosition@App@@QAEXXZ)
App.obj : error LNK2019: nierozpoznany symbol zewnętrzny "__declspec(dllimport) public: __thiscall sf::VideoMode::VideoMode(void)" (__imp_??0VideoMode@sf@@QAE@XZ) przywołany w funkcji "public: __thiscall App::App(void)" (??0App@@QAE@XZ)
App.obj : error LNK2019: nierozpoznany symbol zewnętrzny "__declspec(dllimport) public: void __thiscall sf::Window::close(void)" (__imp_?close@Window@sf@@QAEXXZ) przywołany w funkcji "public: void __thiscall App::pollEvent(void)" (?pollEvent@App@@QAEXXZ)
App.obj : error LNK2019: nierozpoznany symbol zewnętrzny "__declspec(dllimport) public: bool __thiscall sf::Window::isOpen(void)const " (__imp_?isOpen@Window@sf@@QBE_NXZ) przywołany w funkcji "public: bool __thiscall App::running(void)" (?running@App@@QAE_NXZ)
App.obj : error LNK2019: nierozpoznany symbol zewnętrzny "__declspec(dllimport) public: bool __thiscall sf::Window::pollEvent(class sf::Event &)" (__imp_?pollEvent@Window@sf@@QAE_NAAVEvent@2@@Z) przywołany w funkcji "public: void __thiscall App::pollEvent(void)" (?pollEvent@App@@QAEXXZ)
App.obj : error LNK2019: nierozpoznany symbol zewnętrzny "__declspec(dllimport) public: void __thiscall sf::Window::setFramerateLimit(unsigned int)" (__imp_?setFramerateLimit@Window@sf@@QAEXI@Z) przywołany w funkcji "private: void __thiscall App::initWindow(void)" (?initWindow@App@@AAEXXZ)
App.obj : error LNK2019: nierozpoznany symbol zewnętrzny "__declspec(dllimport) public: void __thiscall sf::Window::display(void)" (__imp_?display@Window@sf@@QAEXXZ) przywołany w funkcji "public: void __thiscall App::render(void)" (?render@App@@QAEXXZ)
App.obj : error LNK2019: nierozpoznany symbol zewnętrzny "__declspec(dllimport) public: virtual __thiscall sf::Drawable::~Drawable(void)" (__imp_??1Drawable@sf@@UAE@XZ) przywołany w funkcji "public: virtual __thiscall Hero::~Hero(void)" (??1Hero@@UAE@XZ)
Bullet.obj : error LNK2001: nierozpoznany symbol zewnętrzny "__declspec(dllimport) public: virtual __thiscall sf::Drawable::~Drawable(void)" (__imp_??1Drawable@sf@@UAE@XZ)
Hero.obj : error LNK2001: nierozpoznany symbol zewnętrzny "__declspec(dllimport) public: virtual __thiscall sf::Drawable::~Drawable(void)" (__imp_??1Drawable@sf@@UAE@XZ)
App.obj : error LNK2019: nierozpoznany symbol zewnętrzny "__declspec(dllimport) public: __thiscall sf::Color::Color(unsigned char,unsigned char,unsigned char,unsigned char)" (__imp_??0Color@sf@@QAE@EEEE@Z) przywołany w funkcji "public: void __thiscall App::render(void)" (?render@App@@QAEXXZ)
App.obj : error LNK2019: nierozpoznany symbol zewnętrzny "__declspec(dllimport) public: __thiscall sf::Texture::~Texture(void)" (__imp_??1Texture@sf@@QAE@XZ) przywołany w funkcji "public: virtual __thiscall Hero::~Hero(void)" (??1Hero@@UAE@XZ)
Hero.obj : error LNK2001: nierozpoznany symbol zewnętrzny "__declspec(dllimport) public: __thiscall sf::Texture::~Texture(void)" (__imp_??1Texture@sf@@QAE@XZ)
App.obj : error LNK2019: nierozpoznany symbol zewnętrzny "__declspec(dllimport) public: void __thiscall sf::RenderTarget::clear(class sf::Color const &)" (__imp_?clear@RenderTarget@sf@@QAEXABVColor@2@@Z) przywołany w funkcji "public: void __thiscall App::render(void)" (?render@App@@QAEXXZ)
App.obj : error LNK2019: nierozpoznany symbol zewnętrzny "__declspec(dllimport) public: class sf::Vector2<float> __thiscall sf::RenderTarget::mapPixelToCoords(class sf::Vector2<int> const &)const " (__imp_?mapPixelToCoords@RenderTarget@sf@@QBE?AV?$Vector2@M@2@ABV?$Vector2@H@2@@Z) przywołany w funkcji "public: void __thiscall App::updateMousePosition(void)" (?updateMousePosition@App@@QAEXXZ)
App.obj : error LNK2019: nierozpoznany symbol zewnętrzny "__declspec(dllimport) public: void __thiscall sf::RenderTarget::draw(class sf::Drawable const &,class sf::RenderStates const &)" (__imp_?draw@RenderTarget@sf@@QAEXABVDrawable@2@ABVRenderStates@2@@Z) przywołany w funkcji "public: void __thiscall App::renderMainChar(void)" (?renderMainChar@App@@QAEXXZ)
Bullet.obj : error LNK2001: nierozpoznany symbol zewnętrzny "__declspec(dllimport) public: void __thiscall sf::RenderTarget::draw(class sf::Drawable const &,class sf::RenderStates const &)" (__imp_?draw@RenderTarget@sf@@QAEXABVDrawable@2@ABVRenderStates@2@@Z)
Hero.obj : error LNK2001: nierozpoznany symbol zewnętrzny "__declspec(dllimport) public: void __thiscall sf::RenderTarget::draw(class sf::Drawable const &,class sf::RenderStates const &)" (__imp_?draw@RenderTarget@sf@@QAEXABVDrawable@2@ABVRenderStates@2@@Z)
App.obj : error LNK2019: nierozpoznany symbol zewnętrzny "__declspec(dllimport) public: __thiscall sf::RenderWindow::RenderWindow(class sf::VideoMode,class sf::String const &,unsigned int,struct sf::ContextSettings const &)" (__imp_??0RenderWindow@sf@@QAE@VVideoMode@1@ABVString@1@IABUContextSettings@1@@Z) przywołany w funkcji "private: void __thiscall App::initWindow(void)" (?initWindow@App@@AAEXXZ)
App.obj : error LNK2019: nierozpoznany symbol zewnętrzny "__declspec(dllimport) public: virtual __thiscall sf::RenderWindow::~RenderWindow(void)" (__imp_??1RenderWindow@sf@@UAE@XZ) przywołany w funkcji "public: virtual void * __thiscall sf::RenderWindow::`scalar deleting destructor'(unsigned int)" (??_GRenderWindow@sf@@UAEPAXI@Z)
App.obj : error LNK2019: nierozpoznany symbol zewnętrzny "__declspec(dllimport) public: virtual __thiscall sf::Sprite::~Sprite(void)" (__imp_??1Sprite@sf@@UAE@XZ) przywołany w funkcji "public: virtual __thiscall Hero::~Hero(void)" (??1Hero@@UAE@XZ)
Hero.obj : error LNK2001: nierozpoznany symbol zewnętrzny "__declspec(dllimport) public: virtual __thiscall sf::Sprite::~Sprite(void)" (__imp_??1Sprite@sf@@UAE@XZ)
App.obj : error LNK2001: nierozpoznany symbol zewnętrzny "public: virtual class sf::Vector2<unsigned int> __thiscall sf::RenderWindow::getSize(void)const " (?getSize@RenderWindow@sf@@UBE?AV?$Vector2@I@2@XZ)
App.obj : error LNK2001: nierozpoznany symbol zewnętrzny "protected: virtual void __thiscall sf::RenderWindow::onCreate(void)" (?onCreate@RenderWindow@sf@@MAEXXZ)
App.obj : error LNK2001: nierozpoznany symbol zewnętrzny "protected: virtual void __thiscall sf::RenderWindow::onResize(void)" (?onResize@RenderWindow@sf@@MAEXXZ)
App.obj : error LNK2001: nierozpoznany symbol zewnętrzny "public: virtual bool __thiscall sf::RenderWindow::setActive(bool)" (?setActive@RenderWindow@sf@@UAE_N_N@Z)
App.obj : error LNK2019: nierozpoznany symbol zewnętrzny "__declspec(dllimport) public: static class sf::RenderStates const sf::RenderStates::Default" (__imp_?Default@RenderStates@sf@@2V12@B) przywołany w funkcji "public: void __thiscall App::renderMainChar(void)" (?renderMainChar@App@@QAEXXZ)
Bullet.obj : error LNK2019: nierozpoznany symbol zewnętrzny "__declspec(dllimport) public: __thiscall sf::Drawable::Drawable(void)" (__imp_??0Drawable@sf@@QAE@XZ) przywołany w funkcji "public: __thiscall Bullet::Bullet(class Hero &)" (??0Bullet@@QAE@AAVHero@@@Z)
Hero.obj : error LNK2001: nierozpoznany symbol zewnętrzny "__declspec(dllimport) public: __thiscall sf::Drawable::Drawable(void)" (__imp_??0Drawable@sf@@QAE@XZ)
Bullet.obj : error LNK2019: nierozpoznany symbol zewnętrzny "__declspec(dllimport) public: void __thiscall sf::Transformable::setPosition(float,float)" (__imp_?setPosition@Transformable@sf@@QAEXMM@Z) przywołany w funkcji "private: void __thiscall Bullet::initBullet(class Hero &)" (?initBullet@Bullet@@AAEXAAVHero@@@Z)
Hero.obj : error LNK2001: nierozpoznany symbol zewnętrzny "__declspec(dllimport) public: void __thiscall sf::Transformable::setPosition(float,float)" (__imp_?setPosition@Transformable@sf@@QAEXMM@Z)
Bullet.obj : error LNK2019: nierozpoznany symbol zewnętrzny "__declspec(dllimport) public: class sf::Vector2<float> const & __thiscall sf::Transformable::getPosition(void)const " (__imp_?getPosition@Transformable@sf@@QBEABV?$Vector2@M@2@XZ) przywołany w funkcji "public: class sf::Vector2<float> __thiscall Bullet::getPosition(void)" (?getPosition@Bullet@@QAE?AV?$Vector2@M@sf@@XZ)
Hero.obj : error LNK2001: nierozpoznany symbol zewnętrzny "__declspec(dllimport) public: class sf::Vector2<float> const & __thiscall sf::Transformable::getPosition(void)const " (__imp_?getPosition@Transformable@sf@@QBEABV?$Vector2@M@2@XZ)
Bullet.obj : error LNK2019: nierozpoznany symbol zewnętrzny "__declspec(dllimport) public: void __thiscall sf::Transformable::move(float,float)" (__imp_?move@Transformable@sf@@QAEXMM@Z) przywołany w funkcji "public: void __thiscall Bullet::move(void)" (?move@Bullet@@QAEXXZ)
Bullet.obj : error LNK2019: nierozpoznany symbol zewnętrzny "__declspec(dllimport) public: void __thiscall sf::Shape::setFillColor(class sf::Color const &)" (__imp_?setFillColor@Shape@sf@@QAEXABVColor@2@@Z) przywołany w funkcji "private: void __thiscall Bullet::initBullet(class Hero &)" (?initBullet@Bullet@@AAEXAAVHero@@@Z)
Bullet.obj : error LNK2019: nierozpoznany symbol zewnętrzny "__declspec(dllimport) public: __thiscall sf::RectangleShape::RectangleShape(class sf::Vector2<float> const &)" (__imp_??0RectangleShape@sf@@QAE@ABV?$Vector2@M@1@@Z) przywołany w funkcji "public: __thiscall Bullet::Bullet(class Hero &)" (??0Bullet@@QAE@AAVHero@@@Z)
Bullet.obj : error LNK2019: nierozpoznany symbol zewnętrzny "__declspec(dllimport) public: void __thiscall sf::RectangleShape::setSize(class sf::Vector2<float> const &)" (__imp_?setSize@RectangleShape@sf@@QAEXABV?$Vector2@M@2@@Z) przywołany w funkcji "private: void __thiscall Bullet::initBullet(class Hero &)" (?initBullet@Bullet@@AAEXAAVHero@@@Z)
Bullet.obj : error LNK2019: nierozpoznany symbol zewnętrzny "__declspec(dllimport) public: virtual __thiscall sf::RectangleShape::~RectangleShape(void)" (__imp_??1RectangleShape@sf@@UAE@XZ) przywołany w funkcji __unwindfunclet$??0Bullet@@QAE@AAVHero@@@Z$1
Bullet.obj : error LNK2019: nierozpoznany symbol zewnętrzny "__declspec(dllimport) public: static class sf::Color const sf::Color::Blue" (__imp_?Blue@Color@sf@@2V12@B) przywołany w funkcji "private: void __thiscall Bullet::initBullet(class Hero &)" (?initBullet@Bullet@@AAEXAAVHero@@@Z)
Hero.obj : error LNK2019: nierozpoznany symbol zewnętrzny "__declspec(dllimport) public: void __thiscall sf::Transformable::setScale(float,float)" (__imp_?setScale@Transformable@sf@@QAEXMM@Z) przywołany w funkcji "private: void __thiscall Hero::initHero(void)" (?initHero@Hero@@AAEXXZ)
Hero.obj : error LNK2019: nierozpoznany symbol zewnętrzny "__declspec(dllimport) public: void __thiscall sf::Transformable::setOrigin(float,float)" (__imp_?setOrigin@Transformable@sf@@QAEXMM@Z) przywołany w funkcji "private: void __thiscall Hero::initHero(void)" (?initHero@Hero@@AAEXXZ)
Hero.obj : error LNK2019: nierozpoznany symbol zewnętrzny "__declspec(dllimport) public: __thiscall sf::Texture::Texture(void)" (__imp_??0Texture@sf@@QAE@XZ) przywołany w funkcji "public: __thiscall Hero::Hero(void)" (??0Hero@@QAE@XZ)
Hero.obj : error LNK2019: nierozpoznany symbol zewnętrzny "__declspec(dllimport) public: bool __thiscall sf::Texture::loadFromFile(class std::basic_string<char,struct std::char_traits<char>,class std::allocator<char> > const &,class sf::Rect<int> const &)" (__imp_?loadFromFile@Texture@sf@@QAE_NABV?$basic_string@DU?$char_traits@D@std@@V?$allocator@D@2@@std@@ABV?$Rect@H@2@@Z) przywołany w funkcji "private: void __thiscall Hero::initVar(void)" (?initVar@Hero@@AAEXXZ)
Hero.obj : error LNK2019: nierozpoznany symbol zewnętrzny "__declspec(dllimport) public: __thiscall sf::Sprite::Sprite(void)" (__imp_??0Sprite@sf@@QAE@XZ) przywołany w funkcji "public: __thiscall Hero::Hero(void)" (??0Hero@@QAE@XZ)
Hero.obj : error LNK2019: nierozpoznany symbol zewnętrzny "__declspec(dllimport) public: void __thiscall sf::Sprite::setTexture(class sf::Texture const &,bool)" (__imp_?setTexture@Sprite@sf@@QAEXABVTexture@2@_N@Z) przywołany w funkcji "private: void __thiscall Hero::initHero(void)" (?initHero@Hero@@AAEXXZ)
Hero.obj : error LNK2019: nierozpoznany symbol zewnętrzny "__declspec(dllimport) public: class sf::Rect<float> __thiscall sf::Sprite::getGlobalBounds(void)const " (__imp_?getGlobalBounds@Sprite@sf@@QBE?AV?$Rect@M@2@XZ) przywołany w funkcji "private: void __thiscall Hero::initHero(void)" (?initHero@Hero@@AAEXXZ)
D:\Projects\POLSL\PK4sem\Projekt\RunAndGun\Debug\RunAndGun.exe : fatal error LNK1120: liczba nierozpoznanych elementów zewnętrznych: 39
